<?xml version="1.0" encoding="UTF-8"?>
<!-- Generated by org.testng.reporters.JUnitReportReporter -->
<testsuite skipped="0" hostname="Avi-PC" name="pageObject.DateParser" tests="1" failures="0" timestamp="19 May 2020 11:50:30 GMT" time="0.043" errors="0">
  <testcase name="f" time="0.043" classname="pageObject.DateParser"/>
</testsuite> <!-- pageObject.DateParser -->
